θών 27, 2017 4:59:44 AM org.apache.catalina.startup.VersionLoggerListener log
INFO: Server version:        Apache Tomcat/7.0.78
θών 27, 2017 4:59:44 AM org.apache.catalina.startup.VersionLoggerListener log
INFO: Server built:          May 10 2017 15:02:19 UTC
θών 27, 2017 4:59:44 AM org.apache.catalina.startup.VersionLoggerListener log
INFO: Server number:         7.0.78.0
θών 27, 2017 4:59:44 AM org.apache.catalina.startup.VersionLoggerListener log
INFO: OS Name:               Windows 8.1
θών 27, 2017 4:59:44 AM org.apache.catalina.startup.VersionLoggerListener log
INFO: OS Version:            6.3
θών 27, 2017 4:59:44 AM org.apache.catalina.startup.VersionLoggerListener log
INFO: Architecture:          amd64
θών 27, 2017 4:59:44 AM org.apache.catalina.startup.VersionLoggerListener log
INFO: Java Home:             C:\Program Files\Java\jdk1.8.0_92\jre
θών 27, 2017 4:59:44 AM org.apache.catalina.startup.VersionLoggerListener log
INFO: JVM Version:           1.8.0_92-b14
θών 27, 2017 4:59:44 AM org.apache.catalina.startup.VersionLoggerListener log
INFO: JVM Vendor:            Oracle Corporation
θών 27, 2017 4:59:44 AM org.apache.catalina.startup.VersionLoggerListener log
INFO: CATALINA_BASE:         C:\bin\apache-tomcat-7.0.78
θών 27, 2017 4:59:44 AM org.apache.catalina.startup.VersionLoggerListener log
INFO: CATALINA_HOME:         C:\bin\apache-tomcat-7.0.78
θών 27, 2017 4:59:44 AM org.apache.catalina.startup.VersionLoggerListener log
INFO: Command line argument: -Djava.util.logging.config.file=C:\bin\apache-tomcat-7.0.78\conf\logging.properties
θών 27, 2017 4:59:44 AM org.apache.catalina.startup.VersionLoggerListener log
INFO: Command line argument: -Djava.util.logging.manager=org.apache.juli.ClassLoaderLogManager
θών 27, 2017 4:59:44 AM org.apache.catalina.startup.VersionLoggerListener log
INFO: Command line argument: -Djdk.tls.ephemeralDHKeySize=2048
θών 27, 2017 4:59:44 AM org.apache.catalina.startup.VersionLoggerListener log
INFO: Command line argument: -Djava.endorsed.dirs=C:\bin\apache-tomcat-7.0.78\endorsed
θών 27, 2017 4:59:44 AM org.apache.catalina.startup.VersionLoggerListener log
INFO: Command line argument: -Dcatalina.base=C:\bin\apache-tomcat-7.0.78
θών 27, 2017 4:59:44 AM org.apache.catalina.startup.VersionLoggerListener log
INFO: Command line argument: -Dcatalina.home=C:\bin\apache-tomcat-7.0.78
θών 27, 2017 4:59:44 AM org.apache.catalina.startup.VersionLoggerListener log
INFO: Command line argument: -Djava.io.tmpdir=C:\bin\apache-tomcat-7.0.78\temp
θών 27, 2017 4:59:44 AM org.apache.catalina.core.AprLifecycleListener lifecycleEvent
INFO: Loaded APR based Apache Tomcat Native library 1.2.12 using APR version 1.5.2.
θών 27, 2017 4:59:44 AM org.apache.catalina.core.AprLifecycleListener lifecycleEvent
INFO: APR capabilities: IPv6 [true], sendfile [true], accept filters [false], random [true].
θών 27, 2017 4:59:45 AM org.apache.catalina.core.AprLifecycleListener initializeSSL
INFO: OpenSSL successfully initialized (OpenSSL 1.0.2k  26 Jan 2017)
θών 27, 2017 4:59:47 AM org.apache.coyote.AbstractProtocol init
INFO: Initializing ProtocolHandler ["http-apr-8080"]
θών 27, 2017 4:59:47 AM org.apache.coyote.AbstractProtocol init
INFO: Initializing ProtocolHandler ["ajp-apr-8009"]
θών 27, 2017 4:59:47 AM org.apache.catalina.startup.Catalina load
INFO: Initialization processed in 4005 ms
θών 27, 2017 4:59:47 AM org.apache.catalina.core.StandardService startInternal
INFO: Starting service Catalina
θών 27, 2017 4:59:47 AM org.apache.catalina.core.StandardEngine startInternal
INFO: Starting Servlet Engine: Apache Tomcat/7.0.78
θών 27, 2017 4:59:47 AM org.apache.catalina.startup.HostConfig deployDirectory
INFO: Deploying web application directory C:\bin\apache-tomcat-7.0.78\webapps\docs
θών 27, 2017 4:59:48 AM org.apache.catalina.util.SessionIdGeneratorBase createSecureRandom
INFO: Creation of SecureRandom instance for session ID generation using [SHA1PRNG] took [219] milliseconds.
θών 27, 2017 4:59:48 AM org.apache.catalina.startup.HostConfig deployDirectory
INFO: Deployment of web application directory C:\bin\apache-tomcat-7.0.78\webapps\docs has finished in 750 ms
θών 27, 2017 4:59:48 AM org.apache.catalina.startup.HostConfig deployDirectory
INFO: Deploying web application directory C:\bin\apache-tomcat-7.0.78\webapps\examples
θών 27, 2017 4:59:48 AM org.apache.catalina.startup.HostConfig deployDirectory
INFO: Deployment of web application directory C:\bin\apache-tomcat-7.0.78\webapps\examples has finished in 531 ms
θών 27, 2017 4:59:48 AM org.apache.catalina.startup.HostConfig deployDirectory
INFO: Deploying web application directory C:\bin\apache-tomcat-7.0.78\webapps\host-manager
θών 27, 2017 4:59:49 AM org.apache.catalina.startup.HostConfig deployDirectory
INFO: Deployment of web application directory C:\bin\apache-tomcat-7.0.78\webapps\host-manager has finished in 78 ms
θών 27, 2017 4:59:49 AM org.apache.catalina.startup.HostConfig deployDirectory
INFO: Deploying web application directory C:\bin\apache-tomcat-7.0.78\webapps\manager
θών 27, 2017 4:59:49 AM org.apache.catalina.startup.HostConfig deployDirectory
INFO: Deployment of web application directory C:\bin\apache-tomcat-7.0.78\webapps\manager has finished in 78 ms
θών 27, 2017 4:59:49 AM org.apache.catalina.startup.HostConfig deployDirectory
INFO: Deploying web application directory C:\bin\apache-tomcat-7.0.78\webapps\ROOT
θών 27, 2017 4:59:49 AM org.apache.catalina.startup.HostConfig deployDirectory
INFO: Deployment of web application directory C:\bin\apache-tomcat-7.0.78\webapps\ROOT has finished in 94 ms
θών 27, 2017 4:59:49 AM org.apache.coyote.AbstractProtocol start
INFO: Starting ProtocolHandler ["http-apr-8080"]
θών 27, 2017 4:59:49 AM org.apache.coyote.AbstractProtocol start
INFO: Starting ProtocolHandler ["ajp-apr-8009"]
θών 27, 2017 4:59:49 AM org.apache.catalina.startup.Catalina start
INFO: Server startup in 1981 ms
θών 27, 2017 8:19:38 PM org.apache.catalina.startup.VersionLoggerListener log
INFO: Server version:        Apache Tomcat/7.0.78
θών 27, 2017 8:19:38 PM org.apache.catalina.startup.VersionLoggerListener log
INFO: Server built:          May 10 2017 15:02:19 UTC
θών 27, 2017 8:19:38 PM org.apache.catalina.startup.VersionLoggerListener log
INFO: Server number:         7.0.78.0
θών 27, 2017 8:19:38 PM org.apache.catalina.startup.VersionLoggerListener log
INFO: OS Name:               Windows 8.1
θών 27, 2017 8:19:38 PM org.apache.catalina.startup.VersionLoggerListener log
INFO: OS Version:            6.3
θών 27, 2017 8:19:38 PM org.apache.catalina.startup.VersionLoggerListener log
INFO: Architecture:          amd64
θών 27, 2017 8:19:38 PM org.apache.catalina.startup.VersionLoggerListener log
INFO: Java Home:             C:\Program Files\Java\jre1.8.0_131
θών 27, 2017 8:19:38 PM org.apache.catalina.startup.VersionLoggerListener log
INFO: JVM Version:           1.8.0_131-b11
θών 27, 2017 8:19:38 PM org.apache.catalina.startup.VersionLoggerListener log
INFO: JVM Vendor:            Oracle Corporation
θών 27, 2017 8:19:38 PM org.apache.catalina.startup.VersionLoggerListener log
INFO: CATALINA_BASE:         C:\bin\apache-tomcat-7.0.78
θών 27, 2017 8:19:38 PM org.apache.catalina.startup.VersionLoggerListener log
INFO: CATALINA_HOME:         C:\bin\apache-tomcat-7.0.78
θών 27, 2017 8:19:38 PM org.apache.catalina.startup.VersionLoggerListener log
INFO: Command line argument: -Djava.util.logging.config.file=C:\bin\apache-tomcat-7.0.78\conf\logging.properties
θών 27, 2017 8:19:38 PM org.apache.catalina.startup.VersionLoggerListener log
INFO: Command line argument: -Djava.util.logging.manager=org.apache.juli.ClassLoaderLogManager
θών 27, 2017 8:19:38 PM org.apache.catalina.startup.VersionLoggerListener log
INFO: Command line argument: -Djdk.tls.ephemeralDHKeySize=2048
θών 27, 2017 8:19:38 PM org.apache.catalina.startup.VersionLoggerListener log
INFO: Command line argument: -Djava.endorsed.dirs=C:\bin\apache-tomcat-7.0.78\endorsed
θών 27, 2017 8:19:38 PM org.apache.catalina.startup.VersionLoggerListener log
INFO: Command line argument: -Dcatalina.base=C:\bin\apache-tomcat-7.0.78
θών 27, 2017 8:19:38 PM org.apache.catalina.startup.VersionLoggerListener log
INFO: Command line argument: -Dcatalina.home=C:\bin\apache-tomcat-7.0.78
θών 27, 2017 8:19:38 PM org.apache.catalina.startup.VersionLoggerListener log
INFO: Command line argument: -Djava.io.tmpdir=C:\bin\apache-tomcat-7.0.78\temp
θών 27, 2017 8:19:38 PM org.apache.catalina.core.AprLifecycleListener lifecycleEvent
INFO: Loaded APR based Apache Tomcat Native library 1.2.12 using APR version 1.5.2.
θών 27, 2017 8:19:38 PM org.apache.catalina.core.AprLifecycleListener lifecycleEvent
INFO: APR capabilities: IPv6 [true], sendfile [true], accept filters [false], random [true].
θών 27, 2017 8:19:39 PM org.apache.catalina.core.AprLifecycleListener initializeSSL
INFO: OpenSSL successfully initialized (OpenSSL 1.0.2k  26 Jan 2017)
θών 27, 2017 8:19:40 PM org.apache.coyote.AbstractProtocol init
INFO: Initializing ProtocolHandler ["http-apr-8080"]
θών 27, 2017 8:19:40 PM org.apache.coyote.AbstractProtocol init
INFO: Initializing ProtocolHandler ["ajp-apr-8009"]
θών 27, 2017 8:19:40 PM org.apache.catalina.startup.Catalina load
INFO: Initialization processed in 5949 ms
θών 27, 2017 8:19:41 PM org.apache.catalina.core.StandardService startInternal
INFO: Starting service Catalina
θών 27, 2017 8:19:41 PM org.apache.catalina.core.StandardEngine startInternal
INFO: Starting Servlet Engine: Apache Tomcat/7.0.78
θών 27, 2017 8:19:41 PM org.apache.catalina.startup.HostConfig deployDirectory
INFO: Deploying web application directory C:\bin\apache-tomcat-7.0.78\webapps\docs
θών 27, 2017 8:19:42 PM org.apache.catalina.util.SessionIdGeneratorBase createSecureRandom
INFO: Creation of SecureRandom instance for session ID generation using [SHA1PRNG] took [310] milliseconds.
θών 27, 2017 8:19:42 PM org.apache.catalina.startup.HostConfig deployDirectory
INFO: Deployment of web application directory C:\bin\apache-tomcat-7.0.78\webapps\docs has finished in 1,823 ms
θών 27, 2017 8:19:42 PM org.apache.catalina.startup.HostConfig deployDirectory
INFO: Deploying web application directory C:\bin\apache-tomcat-7.0.78\webapps\examples
θών 27, 2017 8:19:45 PM org.apache.catalina.startup.HostConfig deployDirectory
INFO: Deployment of web application directory C:\bin\apache-tomcat-7.0.78\webapps\examples has finished in 2,971 ms
θών 27, 2017 8:19:45 PM org.apache.catalina.startup.HostConfig deployDirectory
INFO: Deploying web application directory C:\bin\apache-tomcat-7.0.78\webapps\host-manager
θών 27, 2017 8:19:46 PM org.apache.catalina.startup.HostConfig deployDirectory
INFO: Deployment of web application directory C:\bin\apache-tomcat-7.0.78\webapps\host-manager has finished in 189 ms
θών 27, 2017 8:19:46 PM org.apache.catalina.startup.HostConfig deployDirectory
INFO: Deploying web application directory C:\bin\apache-tomcat-7.0.78\webapps\manager
θών 27, 2017 8:19:46 PM org.apache.catalina.startup.HostConfig deployDirectory
INFO: Deployment of web application directory C:\bin\apache-tomcat-7.0.78\webapps\manager has finished in 158 ms
θών 27, 2017 8:19:46 PM org.apache.catalina.startup.HostConfig deployDirectory
INFO: Deploying web application directory C:\bin\apache-tomcat-7.0.78\webapps\ROOT
θών 27, 2017 8:19:46 PM org.apache.catalina.startup.HostConfig deployDirectory
INFO: Deployment of web application directory C:\bin\apache-tomcat-7.0.78\webapps\ROOT has finished in 196 ms
θών 27, 2017 8:19:46 PM org.apache.coyote.AbstractProtocol start
INFO: Starting ProtocolHandler ["http-apr-8080"]
θών 27, 2017 8:19:46 PM org.apache.coyote.AbstractProtocol start
INFO: Starting ProtocolHandler ["ajp-apr-8009"]
θών 27, 2017 8:19:46 PM org.apache.catalina.startup.Catalina start
INFO: Server startup in 5685 ms
